<?xml version="1.0" encoding="UTF-8"?>
<testsuite xmlns:xsi="http://www.w3.org/2001/XMLSchema-instance" xsi:noNamespaceSchemaLocation="https://maven.apache.org/surefire/maven-surefire-plugin/xsd/surefire-test-report.xsd" version="3.0.2" name="org.babosoft.psd.PsdApplicationTests" time="7.242" tests="1" errors="0" skipped="0" failures="0">
  <properties>
[...]
</properties>
  <testcase name="contextLoads" classname="org.babosoft.psd.PsdApplicationTests" time="3.056">
    <system-out><![CDATA[06:55:21.900 [main] INFO org.springframework.test.context.support.AnnotationConfigContextLoaderUtils -- Could not detect default configuration classes for test class [org.babosoft.psd.PsdApplicationTests]: PsdApplicationTests does not declare any static, non-private, non-final, nested classes annotated with @Configuration.
06:55:22.080 [main] INFO org.springframework.boot.test.context.SpringBootTestContextBootstrapper -- Found @SpringBootConfiguration org.babosoft.psd.PsdApplication for test class org.babosoft.psd.PsdApplicationTests

  .   ____          _            __ _ _
 /\\ / ___'_ __ _ _(_)_ __  __ _ \ \ \ \
( ( )\___ | '_ | '_| | '_ \/ _` | \ \ \ \
 \\/  ___)| |_)| | | | | || (_| |  ) ) ) )
  '  |____| .__|_| |_|_| |_\__, | / / / /
 =========|_|==============|___/=/_/_/_/

 :: Spring Boot ::                (v3.5.7)

2025-11-25T06:55:23.713+01:00  INFO 17356 --- [pod] [           main] org.babosoft.psd.PsdApplicationTests     : Starting PsdApplicationTests using Java 21.0.9 with PID 17356 (started by Lelesz  Szabolcs in C:\Users\Lelesz  Szabolcs\IdeaProjects\psd)
2025-11-25T06:55:23.724+01:00  INFO 17356 --- [pod] [           main] org.babosoft.psd.PsdApplicationTests     : No active profile set, falling back to 1 default profile: "default"
2025-11-25T06:55:25.765+01:00  INFO 17356 --- [pod] [           main] org.babosoft.psd.PsdApplicationTests     : Started PsdApplicationTests in 3.331 seconds (process running for 5.171)
]]></system-out>
    <system-err><![CDATA[Mockito is currently self-attaching to enable the inline-mock-maker. This will no longer work in future releases of the JDK. Please add Mockito as an agent to your build as described in Mockito's documentation: https://javadoc.io/doc/org.mockito/mockito-core/latest/org.mockito/org/mockito/Mockito.html#0.3
WARNING: A Java agent has been loaded dynamically (C:\Users\Lelesz  Szabolcs\.m2\repository\net\bytebuddy\byte-buddy-agent\1.17.8\byte-buddy-agent-1.17.8.jar)
WARNING: If a serviceability tool is in use, please run with -XX:+EnableDynamicAgentLoading to hide this warning
WARNING: If a serviceability tool is not in use, please run with -Djdk.instrument.traceUsage for more information
WARNING: Dynamic loading of agents will be disallowed by default in a future release
]]></system-err>
  </testcase>
</testsuite>